This file contains any messages produced by compilers while
running configure, to aid debugging if configure makes a mistake.

It was created by ECE4750 Microbenchmark Suite configure ?, which was
generated by GNU Autoconf 2.69.  Invocation command line was

  $ ../configure --host=riscv32-unknown-elf host_alias=riscv32-unknown-elf --no-create --no-recursion

## --------- ##
## Platform. ##
## --------- ##

hostname = adroit-vis.princeton.edu
uname -m = x86_64
uname -r = 5.14.0-570.73.1.el9_6.x86_64
uname -s = Linux
uname -v = #1 SMP PREEMPT_DYNAMIC Thu Dec 4 01:12:45 EST 2025

/usr/bin/uname -p = x86_64
/bin/uname -X     = unknown

/bin/arch              = x86_64
/usr/bin/arch -k       = unknown
/usr/convex/getsysinfo = unknown
/usr/bin/hostinfo      = unknown
/bin/machine           = unknown
/usr/bin/oslevel       = unknown
/bin/universe          = unknown

PATH: /usr/licensed/synopsys/vcs-mx/O-2018.09-SP2/bin
PATH: /usr/licensed/synopsys/hspice_L-2016.03-2/hspice/bin
PATH: /usr/licensed/synopsys/hspice_L-2016.03-2/hspice/GNU/linux64/gcc-4.8.3/bin
PATH: /usr/licensed/synopsys/hspice_L-2016.03-2/hspice/linux64
PATH: /usr/bin
PATH: /usr/ucb/bin
PATH: /usr/licensed/synopsys/hspice_L-2016.03-2/hspice/bin
PATH: /usr/licensed/synopsys/ns_H-2013.03/amd64/ns/bin
PATH: /usr/licensed/synopsys/mw_I-2013.12-SP5/bin/AMD.64
PATH: /usr/licensed/synopsys/jupiterxt_Z-2007.03-SP12/bin/AMD.64
PATH: /usr/licensed/synopsys/astro_Z-2007.03-SP12/bin/AMD.64
PATH: /usr/licensed/synopsys/s_fpga_d_vL-2016.03/bin
PATH: /usr/licensed/synopsys/SiliconSmart-2016.03.2/bin
PATH: /usr/licensed/synopsys/vc_static_J-2014.12-1/bin
PATH: /usr/licensed/synopsys/fm_J-2014.09-SP3/bin
PATH: /usr/licensed/synopsys/icwbev_plus/O-2018.06-SP2/bin
PATH: /usr/licensed/synopsys/cosmosscope64_H-2012.12/ai_bin
PATH: /usr/licensed/synopsys/raphael_G_2012.06/bin
PATH: /usr/licensed/synopsys/starrc_G-2012.06-SP2/bin
PATH: /usr/licensed/synopsys/ic_compiler_I-2013.12-SP4/bin
PATH: /usr/licensed/synopsys/spiceexplorer_C-2009.03/c2009.03/sx_c2009_03/bin
PATH: /usr/licensed/synopsys/tcad_taurus_ts4_G_2012.06/bin
PATH: /usr/licensed/synopsys/vcs-mx/O-2018.09-SP2/bin
PATH: /usr/licensed/synopsys/mw_I-2013.12-SP5/bin
PATH: /usr/licensed/synopsys/pt_J-2014.06/bin
PATH: /usr/licensed/synopsys/taurus_medici_Z-2007.03/bin
PATH: /usr/licensed/synopsys/tcad_sentaurus_I_2013.12-SP1/bin
PATH: /usr/licensed/synopsys/syn_I-2013.12-SP4/bin
PATH: /usr/licensed/synopsys/vera_D-2009.12-17/vera_vD-2009.12-17_amd64/bin
PATH: /home/ECE475/local/bin
PATH: /usr/bin/
PATH: /home/cb4835/local/bin
PATH: /home/cb4835/.cursor-server/bin/linux-x64/e9ee1339915a927dfb2df4a836dd9c8337e17cc0/bin/remote-cli
PATH: /home/cb4835/local/bin
PATH: /home/cb4835/.cursor-server/bin/linux-x64/e9ee1339915a927dfb2df4a836dd9c8337e17cc0/bin/remote-cli
PATH: /home/cb4835/local/bin
PATH: /usr/licensed/anaconda3/2024.2/bin
PATH: /usr/licensed/anaconda3/2024.2/condabin
PATH: /home/cb4835/local/bin
PATH: /home/cb4835/.local/bin
PATH: /home/cb4835/bin
PATH: /usr/share/Modules/bin
PATH: /usr/local/bin
PATH: /usr/bin
PATH: /usr/local/sbin
PATH: /usr/sbin
PATH: /opt/puppetlabs/bin
PATH: /opt/dell/srvadmin/bin


## ----------- ##
## Core tests. ##
## ----------- ##

configure:1876: checking build system type
configure:1890: result: x86_64-unknown-linux-gnu
configure:1910: checking host system type
configure:1923: result: riscv32-unknown-elf
configure:1957: checking for riscv32-unknown-elf-gcc
configure:1973: found /home/ECE475/local/bin/riscv32-unknown-elf-gcc
configure:1984: result: riscv32-unknown-elf-gcc
configure:2253: checking for C compiler version
configure:2262: riscv32-unknown-elf-gcc --version >&5
riscv64-unknown-elf-gcc (g5115c7e44) 15.2.0
Copyright (C) 2025 Free Software Foundation, Inc.
This is free software; see the source for copying conditions.  There is NO
warranty; not even for MERCHANTABILITY or FITNESS FOR A PARTICULAR PURPOSE.

configure:2273: $? = 0
configure:2262: riscv32-unknown-elf-gcc -v >&5
Using built-in specs.
COLLECT_GCC=riscv64-unknown-elf-gcc
COLLECT_LTO_WRAPPER=/home/ECE475/local/encap/riscv-gnu-toolchain-2026.2.13/libexec/gcc/riscv64-unknown-elf/15.2.0/lto-wrapper
Target: riscv64-unknown-elf
Configured with: /home/qy8197/scratchnet/riscv-gnu-toolchain/build/../gcc/configure --target=riscv64-unknown-elf --prefix=/home/ECE475/local/encap/riscv-gnu-toolchain-2026.2.13 --disable-shared --disable-threads --enable-languages=c,c++ --with-pkgversion=g5115c7e44 --with-system-zlib --enable-tls --with-newlib --with-sysroot=/home/ECE475/local/encap/riscv-gnu-toolchain-2026.2.13/riscv64-unknown-elf --with-native-system-header-dir=/include --disable-libmudflap --disable-libssp --disable-libquadmath --disable-libgomp --disable-nls --disable-tm-clone-registry --src=../../gcc --enable-multilib --with-abi=lp64d --with-arch=rv64gc --with-isa-spec=20191213 'CFLAGS_FOR_TARGET=-Os    -mcmodel=medlow' 'CXXFLAGS_FOR_TARGET=-Os    -mcmodel=medlow'
Thread model: single
Supported LTO compression algorithms: zlib zstd
gcc version 15.2.0 (g5115c7e44) 
configure:2273: $? = 0
configure:2262: riscv32-unknown-elf-gcc -V >&5
riscv64-unknown-elf-gcc: error: unrecognized command-line option '-V'
riscv64-unknown-elf-gcc: fatal error: no input files
compilation terminated.
configure:2273: $? = 1
configure:2262: riscv32-unknown-elf-gcc -qversion >&5
riscv64-unknown-elf-gcc: error: unrecognized command-line option '-qversion'; did you mean '--version'?
riscv64-unknown-elf-gcc: fatal error: no input files
compilation terminated.
configure:2273: $? = 1
configure:2293: checking whether the C compiler works
configure:2315: riscv32-unknown-elf-gcc    conftest.c  >&5
configure:2319: $? = 0
configure:2367: result: yes
configure:2370: checking for C compiler default output file name
configure:2372: result: a.out
configure:2378: checking for suffix of executables
configure:2385: riscv32-unknown-elf-gcc -o conftest    conftest.c  >&5
configure:2389: $? = 0
configure:2411: result: 
configure:2433: checking whether we are cross compiling
configure:2441: riscv32-unknown-elf-gcc -o conftest    conftest.c  >&5
configure:2445: $? = 0
configure:2452: ./conftest
../configure: line 2454: ./conftest: cannot execute binary file: Exec format error
configure:2456: $? = 126
configure:2471: result: yes
configure:2476: checking for suffix of object files
configure:2498: riscv32-unknown-elf-gcc -c   conftest.c >&5
configure:2502: $? = 0
configure:2523: result: o
configure:2527: checking whether we are using the GNU C compiler
configure:2546: riscv32-unknown-elf-gcc -c   conftest.c >&5
configure:2546: $? = 0
configure:2555: result: yes
configure:2564: checking whether riscv32-unknown-elf-gcc accepts -g
configure:2584: riscv32-unknown-elf-gcc -c -g  conftest.c >&5
configure:2584: $? = 0
configure:2625: result: yes
configure:2642: checking for riscv32-unknown-elf-gcc option to accept ISO C89
configure:2705: riscv32-unknown-elf-gcc  -c -g -O2  conftest.c >&5
conftest.c: In function 'e':
conftest.c:15:14: warning: old-style function definition [-Wold-style-definition]
   15 | static char *e (p, i)
      |              ^
configure:2705: $? = 0
configure:2718: result: none needed
configure:2756: checking for riscv32-unknown-elf-g++
configure:2772: found /home/ECE475/local/bin/riscv32-unknown-elf-g++
configure:2783: result: riscv32-unknown-elf-g++
configure:2854: checking for C++ compiler version
configure:2863: riscv32-unknown-elf-g++ --version >&5
riscv64-unknown-elf-g++ (g5115c7e44) 15.2.0
Copyright (C) 2025 Free Software Foundation, Inc.
This is free software; see the source for copying conditions.  There is NO
warranty; not even for MERCHANTABILITY or FITNESS FOR A PARTICULAR PURPOSE.

configure:2874: $? = 0
configure:2863: riscv32-unknown-elf-g++ -v >&5
Using built-in specs.
COLLECT_GCC=riscv64-unknown-elf-g++
COLLECT_LTO_WRAPPER=/home/ECE475/local/encap/riscv-gnu-toolchain-2026.2.13/libexec/gcc/riscv64-unknown-elf/15.2.0/lto-wrapper
Target: riscv64-unknown-elf
Configured with: /home/qy8197/scratchnet/riscv-gnu-toolchain/build/../gcc/configure --target=riscv64-unknown-elf --prefix=/home/ECE475/local/encap/riscv-gnu-toolchain-2026.2.13 --disable-shared --disable-threads --enable-languages=c,c++ --with-pkgversion=g5115c7e44 --with-system-zlib --enable-tls --with-newlib --with-sysroot=/home/ECE475/local/encap/riscv-gnu-toolchain-2026.2.13/riscv64-unknown-elf --with-native-system-header-dir=/include --disable-libmudflap --disable-libssp --disable-libquadmath --disable-libgomp --disable-nls --disable-tm-clone-registry --src=../../gcc --enable-multilib --with-abi=lp64d --with-arch=rv64gc --with-isa-spec=20191213 'CFLAGS_FOR_TARGET=-Os    -mcmodel=medlow' 'CXXFLAGS_FOR_TARGET=-Os    -mcmodel=medlow'
Thread model: single
Supported LTO compression algorithms: zlib zstd
gcc version 15.2.0 (g5115c7e44) 
configure:2874: $? = 0
configure:2863: riscv32-unknown-elf-g++ -V >&5
riscv64-unknown-elf-g++: error: unrecognized command-line option '-V'
riscv64-unknown-elf-g++: fatal error: no input files
compilation terminated.
configure:2874: $? = 1
configure:2863: riscv32-unknown-elf-g++ -qversion >&5
riscv64-unknown-elf-g++: error: unrecognized command-line option '-qversion'; did you mean '--version'?
riscv64-unknown-elf-g++: fatal error: no input files
compilation terminated.
configure:2874: $? = 1
configure:2878: checking whether we are using the GNU C++ compiler
configure:2897: riscv32-unknown-elf-g++ -c   conftest.cpp >&5
configure:2897: $? = 0
configure:2906: result: yes
configure:2915: checking whether riscv32-unknown-elf-g++ accepts -g
configure:2935: riscv32-unknown-elf-g++ -c -g  conftest.cpp >&5
configure:2935: $? = 0
configure:2976: result: yes
configure:3007: checking for riscv32-unknown-elf-ar
configure:3037: result: no
configure:3047: checking for ar
configure:3063: found /usr/bin/ar
configure:3074: result: ar
configure:3086: WARNING: using cross tools not prefixed with host triplet
configure:3099: checking for riscv32-unknown-elf-ranlib
configure:3129: result: no
configure:3139: checking for ranlib
configure:3155: found /usr/bin/ranlib
configure:3166: result: ranlib
configure:3235: checking for a BSD-compatible install
configure:3303: result: /usr/bin/install -c
configure:3446: checking for riscv32-unknown-elf-isa-run
configure:3476: result: no
configure:3446: checking for riscv32-unknown-elf-run
configure:3462: found /home/ECE475/local/bin/riscv32-unknown-elf-run
configure:3473: result: riscv32-unknown-elf-run
configure:3785: configuring internal subproject ubmark
configure:3929: creating ./config.status

## ---------------- ##
## Cache variables. ##
## ---------------- ##

ac_cv_build=x86_64-unknown-linux-gnu
ac_cv_c_compiler_gnu=yes
ac_cv_cxx_compiler_gnu=yes
ac_cv_env_CCC_set=
ac_cv_env_CCC_value=
ac_cv_env_CC_set=
ac_cv_env_CC_value=
ac_cv_env_CFLAGS_set=
ac_cv_env_CFLAGS_value=
ac_cv_env_CPPFLAGS_set=
ac_cv_env_CPPFLAGS_value=
ac_cv_env_CXXFLAGS_set=
ac_cv_env_CXXFLAGS_value=
ac_cv_env_CXX_set=
ac_cv_env_CXX_value=
ac_cv_env_LDFLAGS_set=
ac_cv_env_LDFLAGS_value=
ac_cv_env_LIBS_set=
ac_cv_env_LIBS_value=
ac_cv_env_STOW_PREFIX_set=
ac_cv_env_STOW_PREFIX_value=
ac_cv_env_STOW_ROOT_set=
ac_cv_env_STOW_ROOT_value=
ac_cv_env_build_alias_set=
ac_cv_env_build_alias_value=
ac_cv_env_host_alias_set=set
ac_cv_env_host_alias_value=riscv32-unknown-elf
ac_cv_env_target_alias_set=
ac_cv_env_target_alias_value=
ac_cv_host=riscv32-unknown-elf
ac_cv_objext=o
ac_cv_path_install='/usr/bin/install -c'
ac_cv_prog_CC=riscv32-unknown-elf-gcc
ac_cv_prog_CXX=riscv32-unknown-elf-g++
ac_cv_prog_RUN=riscv32-unknown-elf-run
ac_cv_prog_ac_ct_AR=ar
ac_cv_prog_ac_ct_RANLIB=ranlib
ac_cv_prog_cc_c89=
ac_cv_prog_cc_g=yes
ac_cv_prog_cxx_g=yes

## ----------------- ##
## Output variables. ##
## ----------------- ##

AR='ar'
CC='riscv32-unknown-elf-gcc'
CFLAGS='-Wall -g -O3'
CPPFLAGS=''
CXX='riscv32-unknown-elf-g++'
CXXFLAGS='-Wall -g -O3 -D_MIPS_ARCH_LLFU'
DEFS='-DHAVE_CONFIG_H'
ECHO_C=''
ECHO_N='-n'
ECHO_T=''
EXEEXT=''
INSTALL_DATA='${INSTALL} -m 644'
INSTALL_PROGRAM='${INSTALL}'
INSTALL_SCRIPT='${INSTALL}'
LDFLAGS=''
LIBOBJS=''
LIBS=''
LTLIBOBJS=''
OBJEXT='o'
PACKAGE_BUGREPORT='Ji Kim'
PACKAGE_NAME='ECE4750 Microbenchmark Suite'
PACKAGE_STRING='ECE4750 Microbenchmark Suite ?'
PACKAGE_TARNAME='ubmark'
PACKAGE_URL=''
PACKAGE_VERSION='?'
PATH_SEPARATOR=':'
RANLIB='ranlib'
RUN='riscv32-unknown-elf-run'
RUNFLAGS=''
SHELL='/bin/sh'
STOW_PREFIX=''
STOW_ROOT=''
ac_ct_CC=''
ac_ct_CXX=''
ac_ct_RUN=''
bindir='${exec_prefix}/bin'
build='x86_64-unknown-linux-gnu'
build_alias=''
build_cpu='x86_64'
build_os='linux-gnu'
build_vendor='unknown'
datadir='${datarootdir}'
datarootdir='${prefix}/share'
docdir='${datarootdir}/doc/${PACKAGE_TARNAME}'
dvidir='${docdir}'
enable_stow='no'
exec_prefix='${prefix}'
host='riscv32-unknown-elf'
host_alias='riscv32-unknown-elf'
host_cpu='riscv32'
host_os='elf'
host_vendor='unknown'
htmldir='${docdir}'
includedir='${prefix}/include'
infodir='${datarootdir}/info'
libdir='${exec_prefix}/lib'
libexecdir='${exec_prefix}/libexec'
localedir='${datarootdir}/locale'
localstatedir='${prefix}/var'
mandir='${datarootdir}/man'
mcppbs_include_external=''
mcppbs_include_external_en=''
mcppbs_include_internal='ubmark '
mcppbs_include_internal_en='ubmark '
mcppbs_install=''
oldincludedir='/usr/include'
pdfdir='${docdir}'
prefix='/usr/local'
program_transform_name='s,x,x,'
psdir='${docdir}'
runstatedir='${localstatedir}/run'
sbindir='${exec_prefix}/sbin'
sharedstatedir='${prefix}/com'
stow=''
sysconfdir='${prefix}/etc'
target_alias=''
ubmark_cppflags='-I../ubmark '
ubmark_extra_cppflags=''
ubmark_extra_ldflags=''
ubmark_extra_libs=''
ubmark_intdeps=''
ubmark_ldflags=''
ubmark_libs='-lubmark '
ubmark_pkcdeps=''

## ----------- ##
## confdefs.h. ##
## ----------- ##

/* confdefs.h */
#define PACKAGE_NAME "ECE4750 Microbenchmark Suite"
#define PACKAGE_TARNAME "ubmark"
#define PACKAGE_VERSION "?"
#define PACKAGE_STRING "ECE4750 Microbenchmark Suite ?"
#define PACKAGE_BUGREPORT "Ji Kim"
#define PACKAGE_URL ""
#define HAVE_UBMARK /**/

configure: exit 0

## ---------------------- ##
## Running config.status. ##
## ---------------------- ##

This file was extended by ECE4750 Microbenchmark Suite config.status ?, which was
generated by GNU Autoconf 2.69.  Invocation command line was

  CONFIG_FILES    = 
  CONFIG_HEADERS  = 
  CONFIG_LINKS    = 
  CONFIG_COMMANDS = 
  $ ./config.status 

on adroit-vis.princeton.edu

config.status:824: creating ubmark.mk
config.status:824: creating Makefile
config.status:824: creating ubmark-config.h
config.status:984: ubmark-config.h is unchanged
